2026-01-26 22:26:44,668;Capella;7.0.1.202503211540;Open+Session;chan9a.aird;;
2026-01-26 22:26:46,866;Capella;7.0.1.202503211540;Open+Session;chan9a.aird;OK;
2026-01-26 22:27:25,512;Capella;7.0.1.202503211540;Create+Representation;Operational+Capabilities+Blank;;6b012d02-4e8c-4dda-986e-2820c7567596
2026-01-26 22:27:28,750;Capella;7.0.1.202503211540;Create+Representation;Operational+Capabilities+Blank;;6b012d02-4e8c-4dda-986e-2820c7567596
2026-01-26 22:27:29,468;Capella;7.0.1.202503211540;Create+Representation;Operational+Capabilities+Blank;OK;6b012d02-4e8c-4dda-986e-2820c7567596
2026-01-26 22:27:33,730;Capella;7.0.1.202503211540;Create+Representation;Operational+Capabilities+Blank;OK;6b012d02-4e8c-4dda-986e-2820c7567596
2026-01-26 22:32:31,908;Capella;7.0.1.202503211540;Open+Representation;;;
2026-01-26 22:32:32,676;Capella;7.0.1.202503211540;Open+Representation;;OK;
2026-01-26 22:42:13,919;Capella;7.0.1.202503211540;Create+Representation;Operational+Activity+Breakdown;;4d00a534-395b-4030-816b-c9535f2f1925
2026-01-26 22:42:16,544;Capella;7.0.1.202503211540;Create+Representation;Operational+Activity+Breakdown;OK;4d00a534-395b-4030-816b-c9535f2f1925
2026-01-26 22:42:26,560;Capella;7.0.1.202503211540;Create+Representation;Operational+Entity+Blank;;8fdb1f9f-43b7-4a40-b33a-c52793a3b430
2026-01-26 22:42:29,325;Capella;7.0.1.202503211540;Create+Representation;Operational+Entity+Blank;;8fdb1f9f-43b7-4a40-b33a-c52793a3b430
2026-01-26 22:42:29,348;Capella;7.0.1.202503211540;Create+Representation;Operational+Entity+Blank;OK;8fdb1f9f-43b7-4a40-b33a-c52793a3b430
2026-01-26 22:42:29,761;Capella;7.0.1.202503211540;Create+Representation;Operational+Entity+Blank;OK;8fdb1f9f-43b7-4a40-b33a-c52793a3b430
2026-01-26 23:04:56,636;Capella;7.0.1.202503211540;Transition;Functional+Transition;;
2026-01-26 23:08:42,796;Capella;7.0.1.202503211540;Transition;Functional+Transition;ERROR;
2026-01-26 23:08:44,337;Capella;7.0.1.202503211540;Transition;Functional+Transition;;
2026-01-26 23:10:05,802;Capella;7.0.1.202503211540;Transition;Functional+Transition;OK;
2026-01-26 23:14:53,043;Capella;7.0.1.202503211540;Transition;Operational+Entity+to+System+Actor+Transition;;
2026-01-26 23:16:37,572;Capella;7.0.1.202503211540;Transition;Operational+Entity+to+System+Actor+Transition;OK;
2026-01-26 23:23:46,003;Capella;7.0.1.202503211540;Open+Representation;;;
2026-01-26 23:23:46,124;Capella;7.0.1.202503211540;Open+Representation;;OK;
2026-01-26 23:24:41,000;Capella;7.0.1.202503211540;Create+Representation;System+Architecture+Blank;;1bf5170b-8fd9-4f6b-ad28-d5e0675e2c90
2026-01-26 23:24:42,529;Capella;7.0.1.202503211540;Create+Representation;System+Architecture+Blank;;1bf5170b-8fd9-4f6b-ad28-d5e0675e2c90
2026-01-26 23:24:42,560;Capella;7.0.1.202503211540;Create+Representation;System+Architecture+Blank;OK;1bf5170b-8fd9-4f6b-ad28-d5e0675e2c90
2026-01-26 23:24:43,443;Capella;7.0.1.202503211540;Create+Representation;System+Architecture+Blank;OK;1bf5170b-8fd9-4f6b-ad28-d5e0675e2c90
2026-01-27 00:13:00,882;Capella;7.0.1.202503211540;Create+Representation;Mode+State+Machine;;5fc41016-047f-4d82-9cc8-3da790ff82b0
2026-01-27 00:13:00,892;Capella;7.0.1.202503211540;Create+Representation;Mode+State+Machine;OK;5fc41016-047f-4d82-9cc8-3da790ff82b0
2026-01-27 08:57:50,385;Capella;7.0.1.202503211540;Create+Representation;Component+Exchanges+Scenario;;d34e92fd-adcf-48b7-baee-4d2d5d7ead58
2026-01-27 08:57:53,669;Capella;7.0.1.202503211540;Create+Representation;Component+Exchanges+Scenario;;a0d99a09-3b3c-42c8-bacf-2ab5785c966d
2026-01-27 08:57:53,802;Capella;7.0.1.202503211540;Create+Representation;Component+Exchanges+Scenario;OK;a0d99a09-3b3c-42c8-bacf-2ab5785c966d
2026-01-27 08:57:54,691;Capella;7.0.1.202503211540;Create+Representation;Component+Exchanges+Scenario;OK;d34e92fd-adcf-48b7-baee-4d2d5d7ead58
2026-02-01 14:47:54,841;Capella;7.0.1.202503211540;Create+Representation;Component+Exchanges+Scenario;;
2026-02-01 14:47:54,843;Capella;7.0.1.202503211540;Create+Representation;Component+Exchanges+Scenario;OK;
2026-02-01 14:48:00,479;Capella;7.0.1.202503211540;Create+Representation;Component+Exchanges+Scenario;;
2026-02-01 14:48:00,479;Capella;7.0.1.202503211540;Create+Representation;Component+Exchanges+Scenario;OK;
2026-02-01 14:48:39,857;Capella;7.0.1.202503211540;Transition;Functional+Transition;;
2026-02-01 14:48:42,584;Capella;7.0.1.202503211540;Transition;Functional+Transition;ERROR;
2026-02-03 08:11:17,295;Capella;7.0.1.202503211540;Transition;LC+%2F+LA+to+PC+%2F+PA+Transition;;
2026-02-03 08:14:40,004;Capella;7.0.1.202503211540;Transition;LC+%2F+LA+to+PC+%2F+PA+Transition;ERROR;
2026-02-03 08:15:23,082;Capella;7.0.1.202503211540;Open+Session;SousSysteme_Perception.aird;;
2026-02-03 08:15:24,228;Capella;7.0.1.202503211540;Open+Session;SousSysteme_Perception.aird;OK;
2026-02-03 08:15:57,977;Capella;7.0.1.202503211540;Create+Representation;System+Architecture+Blank;;e4d34a05-0a5a-4026-a5f1-c99a1a30e32a
2026-02-03 08:16:10,884;Capella;7.0.1.202503211540;Create+Representation;System+Architecture+Blank;;e4d34a05-0a5a-4026-a5f1-c99a1a30e32a
2026-02-03 08:16:10,942;Capella;7.0.1.202503211540;Create+Representation;System+Architecture+Blank;OK;e4d34a05-0a5a-4026-a5f1-c99a1a30e32a
2026-02-03 08:16:11,212;Capella;7.0.1.202503211540;Create+Representation;System+Architecture+Blank;OK;e4d34a05-0a5a-4026-a5f1-c99a1a30e32a
2026-02-03 08:40:10,288;Capella;7.0.1.202503211540;Bridge;Transition+System+to+SubSystem;;
2026-02-03 08:40:12,839;Capella;7.0.1.202503211540;Bridge;Transition+System+to+SubSystem;ERROR;
2026-02-03 08:46:33,661;Capella;7.0.1.202503211540;Open+Representation;;;
2026-02-03 08:46:34,423;Capella;7.0.1.202503211540;Open+Representation;;OK;
2026-02-03 08:46:36,133;Capella;7.0.1.202503211540;Open+Representation;;;
2026-02-03 08:46:36,484;Capella;7.0.1.202503211540;Open+Representation;;OK;
2026-02-03 09:02:06,842;Capella;7.0.1.202503211540;Open+Representation;;;
2026-02-03 09:02:07,277;Capella;7.0.1.202503211540;Open+Representation;;OK;
2026-02-03 09:02:10,024;Capella;7.0.1.202503211540;Open+Representation;;;
2026-02-03 09:02:10,437;Capella;7.0.1.202503211540;Open+Representation;;OK;
2026-02-03 09:21:14,148;Capella;7.0.1.202503211540;Bridge;Transition+System+to+SubSystem;;
2026-02-03 09:21:41,699;Capella;7.0.1.202503211540;Bridge;Transition+System+to+SubSystem;ERROR;
2026-02-03 10:01:15,358;Capella;7.0.1.202503211540;Open+Session;chan9a.aird;;
2026-02-03 10:05:13,388;Capella;7.0.1.202503211540;Open+Session;mbse.aird;;
2026-02-03 10:05:16,577;Capella;7.0.1.202503211540;Open+Session;mbse.aird;OK;
2026-02-03 10:05:31,812;Capella;7.0.1.202503211540;Open+Representation;;;
2026-02-03 10:05:34,378;Capella;7.0.1.202503211540;Open+Representation;;OK;
2026-02-09 09:03:51,138;Capella;7.0.1.202503211540;Open+Session;mbse.aird;;
2026-02-09 09:03:52,888;Capella;7.0.1.202503211540;Open+Session;mbse.aird;OK;
2026-02-09 09:04:20,875;Capella;7.0.1.202503211540;Open+Representation;;;
2026-02-09 09:04:21,860;Capella;7.0.1.202503211540;Open+Representation;;OK;
2026-02-09 09:04:40,547;Capella;7.0.1.202503211540;Open+Representation;;;
2026-02-09 09:04:41,323;Capella;7.0.1.202503211540;Open+Representation;;OK;
2026-02-09 09:04:49,886;Capella;7.0.1.202503211540;Open+Representation;;;
2026-02-09 09:04:50,857;Capella;7.0.1.202503211540;Open+Representation;;OK;
2026-02-09 09:04:58,804;Capella;7.0.1.202503211540;Open+Representation;;;
2026-02-09 09:04:59,814;Capella;7.0.1.202503211540;Open+Representation;;OK;
2026-02-09 09:05:01,125;Capella;7.0.1.202503211540;Open+Representation;;;
2026-02-09 09:05:01,832;Capella;7.0.1.202503211540;Open+Representation;;OK;
2026-02-09 09:08:55,832;Capella;7.0.1.202503211540;Bridge;Transition+System+to+SubSystem;;
2026-02-09 09:11:59,027;Capella;7.0.1.202503211540;Bridge;Transition+System+to+SubSystem;ERROR;
2026-02-09 09:12:34,770;Capella;7.0.1.202503211540;Bridge;Transition+System+to+SubSystem;;
2026-02-09 09:13:04,294;Capella;7.0.1.202503211540;Bridge;Transition+System+to+SubSystem;ERROR;
2026-02-09 09:13:12,316;Capella;7.0.1.202503211540;Bridge;Transition+System+to+SubSystem;;
2026-02-09 09:19:56,923;Capella;7.0.1.202503211540;Bridge;Transition+System+to+SubSystem;OK;
2026-02-09 09:23:46,414;Capella;7.0.1.202503211540;Open+Session;SousSysteme_Perception.aird;;
2026-02-09 09:23:47,922;Capella;7.0.1.202503211540;Open+Session;SousSysteme_Perception.aird;OK;
2026-02-09 09:24:02,491;Capella;7.0.1.202503211540;Open+Representation;;;
2026-02-09 09:24:03,135;Capella;7.0.1.202503211540;Open+Representation;;OK;
2026-02-09 09:59:51,848;Capella;7.0.1.202503211540;Transition;Actor+Transition;;
2026-02-09 09:59:59,180;Capella;7.0.1.202503211540;Transition;Actor+Transition;OK;
2026-02-09 10:05:09,564;Capella;7.0.1.202503211540;Bridge;Transition+System+to+SubSystem;;
2026-02-09 10:05:17,464;Capella;7.0.1.202503211540;Bridge;Transition+System+to+SubSystem;OK;
2026-02-09 10:57:56,870;Capella;7.0.1.202503211540;Transition;System+Transition;;
2026-02-09 10:58:09,512;Capella;7.0.1.202503211540;Transition;System+Transition;OK;
2026-02-09 10:59:08,855;Capella;7.0.1.202503211540;Create+Representation;Logical+Architecture+Blank;;62f65ce4-6dd1-457c-b7eb-b5917effc9e7
2026-02-09 10:59:08,874;Capella;7.0.1.202503211540;Create+Representation;Logical+Architecture+Blank;OK;62f65ce4-6dd1-457c-b7eb-b5917effc9e7
2026-02-09 10:59:13,131;Capella;7.0.1.202503211540;Open+Representation;;;
2026-02-09 10:59:13,255;Capella;7.0.1.202503211540;Open+Representation;;OK;
2026-02-15 12:26:14,445;Capella;7.0.1.202503211540;Open+Representation;;;
2026-02-15 12:26:14,571;Capella;7.0.1.202503211540;Open+Representation;;OK;
2026-02-15 12:26:19,932;Capella;7.0.1.202503211540;Open+Representation;;;
2026-02-15 12:26:20,042;Capella;7.0.1.202503211540;Open+Representation;;OK;
2026-02-15 12:39:29,389;Capella;7.0.1.202503211540;Open+Representation;;;
2026-02-15 12:39:29,781;Capella;7.0.1.202503211540;Open+Representation;;OK;
2026-02-15 12:46:26,798;Capella;7.0.1.202503211540;Transition;Actor+Transition;;
2026-02-15 12:46:34,701;Capella;7.0.1.202503211540;Transition;Actor+Transition;OK;
2026-02-15 12:47:45,414;Capella;7.0.1.202503211540;Transition;System+Transition;;
2026-02-15 12:47:52,612;Capella;7.0.1.202503211540;Transition;System+Transition;OK;
2026-02-15 12:47:56,216;Capella;7.0.1.202503211540;Transition;Actor+Transition;;
2026-02-15 12:47:59,042;Capella;7.0.1.202503211540;Transition;Actor+Transition;OK;
2026-02-15 12:57:07,601;Capella;7.0.1.202503211540;Open+Representation;;;
2026-02-15 12:57:08,054;Capella;7.0.1.202503211540;Open+Representation;;OK;
2026-02-15 13:58:25,473;Capella;7.0.1.202503211540;Transition;Functional+Transition;;
2026-02-15 13:58:27,181;Capella;7.0.1.202503211540;Transition;Functional+Transition;OK;
2026-02-15 14:21:55,875;Capella;7.0.1.202503211540;Transition;LC+%2F+LA+to+PC+%2F+PA+Transition;;
2026-02-15 14:22:05,674;Capella;7.0.1.202503211540;Transition;LC+%2F+LA+to+PC+%2F+PA+Transition;ERROR;
2026-02-15 14:22:34,283;Capella;7.0.1.202503211540;Transition;LC+%2F+LA+to+PC+%2F+PA+Transition;;
2026-02-15 14:23:37,774;Capella;7.0.1.202503211540;Transition;LC+%2F+LA+to+PC+%2F+PA+Transition;OK;
2026-02-15 14:24:27,726;Capella;7.0.1.202503211540;Create+Representation;Physical+Architecture+Blank;;c26ef4ea-911f-4c00-a596-47c9b556693b
2026-02-15 14:24:29,708;Capella;7.0.1.202503211540;Create+Representation;Physical+Architecture+Blank;;c26ef4ea-911f-4c00-a596-47c9b556693b
2026-02-15 14:24:29,746;Capella;7.0.1.202503211540;Create+Representation;Physical+Architecture+Blank;OK;c26ef4ea-911f-4c00-a596-47c9b556693b
2026-02-15 14:24:30,365;Capella;7.0.1.202503211540;Create+Representation;Physical+Architecture+Blank;OK;c26ef4ea-911f-4c00-a596-47c9b556693b
2026-02-15 14:30:38,983;Capella;7.0.1.202503211540;Open+Representation;;;
2026-02-15 14:30:39,151;Capella;7.0.1.202503211540;Open+Representation;;OK;
2026-02-15 15:04:14,224;Capella;7.0.1.202503211540;Transition;LC+%2F+LA+to+PC+%2F+PA+Transition;;
2026-02-15 15:04:16,620;Capella;7.0.1.202503211540;Transition;LC+%2F+LA+to+PC+%2F+PA+Transition;OK;
2026-02-15 19:20:11,805;Capella;7.0.1.202503211540;Open+Representation;;;
2026-02-15 19:20:12,374;Capella;7.0.1.202503211540;Open+Representation;;OK;
2026-02-15 19:20:33,188;Capella;7.0.1.202503211540;Open+Representation;;;
2026-02-15 19:20:33,711;Capella;7.0.1.202503211540;Open+Representation;;OK;
2026-02-15 21:19:00,638;Capella;7.0.1.202503211540;Open+Representation;;;
2026-02-15 21:19:01,655;Capella;7.0.1.202503211540;Open+Representation;;OK;
2026-02-15 22:27:30,142;Capella;7.0.1.202503211540;Open+Representation;;;
2026-02-15 22:27:31,174;Capella;7.0.1.202503211540;Open+Representation;;OK;
2026-02-16 21:00:20,436;Capella;7.0.1.202503211540;Create+Representation;Class+Diagram+Blank;;6a500576-5562-464a-8303-83f440de97ef
2026-02-16 21:00:20,448;Capella;7.0.1.202503211540;Create+Representation;Class+Diagram+Blank;OK;6a500576-5562-464a-8303-83f440de97ef
